#
# There is insufficient memory for the Java Runtime Environment to continue.
# Native memory allocation (malloc) failed to allocate 1231488 bytes for Chunk::new
# Possible reasons:
#   The system is out of physical RAM or swap space
#   The process is running with CompressedOops enabled, and the Java Heap may be blocking the growth of the native heap
# Possible solutions:
#   Reduce memory load on the system
#   Increase physical memory or swap space
#   Check if swap backing store is full
#   Decrease Java heap size (-Xmx/-Xms)
#   Decrease number of Java threads
#   Decrease Java thread stack sizes (-Xss)
#   Set larger code cache with -XX:ReservedCodeCacheSize=
#   JVM is running with Zero Based Compressed Oops mode in which the Java heap is
#     placed in the first 32GB address space. The Java Heap base address is the
#     maximum limit for the native heap growth. Please use -XX:HeapBaseMinAddress
#     to set the Java Heap base and to place the Java Heap above 32GB virtual address.
# This output file may be truncated or incomplete.
#
#  Out of Memory Error (arena.cpp:189), pid=12592, tid=39292
#
# JRE version: OpenJDK Runtime Environment Temurin-17.0.1+12 (17.0.1+12) (build 17.0.1+12)
# Java VM: OpenJDK 64-Bit Server VM Temurin-17.0.1+12 (17.0.1+12, mixed mode, tiered, compressed oops, compressed class ptrs, g1 gc, windows-amd64)
# No core dump will be written. Minidumps are not enabled by default on client versions of Windows
#

---------------  S U M M A R Y ------------

Command Line: -ea -Dfile.encoding=Cp1252 -XX:+ShowCodeDetailsInExceptionMessages org.testng.remote.RemoteTestNG -serport 49860 -protocol json -d E:\PokerBazzi.com\PokerBaazi\test-output E:\PokerBazzi.com\PokerBaazi\testng1.xml

Host: AMD Athlon Silver 3050U with Radeon Graphics   , 2 cores, 9G,  Windows 10 , 64 bit Build 19041 (10.0.19041.1466)
Time: Thu Feb 24 15:00:56 2022 India Standard Time elapsed time: 12.993939 seconds (0d 0h 0m 12s)

---------------  T H R E A D  ---------------

Current thread (0x00000180ff77b620):  JavaThread "C2 CompilerThread0" daemon [_thread_in_native, id=39292, stack(0x0000000eb0a00000,0x0000000eb0b00000)]


Current CompileTask:
C2:  12994 2403       4       jdk.internal.org.objectweb.asm.Frame::execute (2305 bytes)

Stack: [0x0000000eb0a00000,0x0000000eb0b00000]
Native frames: (J=compiled Java code, j=interpreted, Vv=VM code, C=native code)
V  [jvm.dll+0x6744da]
V  [jvm.dll+0x82e144]
V  [jvm.dll+0x82f8ee]
V  [jvm.dll+0x82ff53]
V  [jvm.dll+0x245175]
V  [jvm.dll+0xab85b]
V  [jvm.dll+0xabdec]
V  [jvm.dll+0x362f07]
V  [jvm.dll+0x1bb698]
V  [jvm.dll+0x218189]
V  [jvm.dll+0x217451]
V  [jvm.dll+0x1a355d]
V  [jvm.dll+0x226e38]
V  [jvm.dll+0x224f7c]
V  [jvm.dll+0x7e3f5b]
V  [jvm.dll+0x7de51a]
V  [jvm.dll+0x673305]
C  [ucrtbase.dll+0x21bb2]
C  [KERNEL32.DLL+0x17034]
C  [ntdll.dll+0x52651]


---------------  P R O C E S S  ---------------

Threads class SMR info:
_java_thread_list=0x00000180820a1320, length=20, elements={
0x00000180e325eb10, 0x00000180ff74f0b0, 0x00000180ff750bc0, 0x00000180ff775b00,
0x00000180ff7775d0, 0x00000180ff779f90, 0x00000180ff77a940, 0x00000180ff77b620,
0x00000180809723c0, 0x0000018080977580, 0x0000018080a77de0, 0x0000018080a8e3c0,
0x000001808149d670, 0x0000018081734290, 0x0000018081f77040, 0x0000018081f7c960,
0x0000018081921700, 0x00000180818ac030, 0x00000180820b9d50, 0x00000180820bb560
}

Java Threads: ( => current thread )
  0x00000180e325eb10 JavaThread "main" [_thread_blocked, id=37192, stack(0x0000000eafd00000,0x0000000eafe00000)]
  0x00000180ff74f0b0 JavaThread "Reference Handler" daemon [_thread_blocked, id=26984, stack(0x0000000eb0400000,0x0000000eb0500000)]
  0x00000180ff750bc0 JavaThread "Finalizer" daemon [_thread_blocked, id=26640, stack(0x0000000eb0500000,0x0000000eb0600000)]
  0x00000180ff775b00 JavaThread "Signal Dispatcher" daemon [_thread_blocked, id=19488, stack(0x0000000eb0600000,0x0000000eb0700000)]
  0x00000180ff7775d0 JavaThread "Attach Listener" daemon [_thread_blocked, id=38872, stack(0x0000000eb0700000,0x0000000eb0800000)]
  0x00000180ff779f90 JavaThread "Service Thread" daemon [_thread_blocked, id=18800, stack(0x0000000eb0800000,0x0000000eb0900000)]
  0x00000180ff77a940 JavaThread "Monitor Deflation Thread" daemon [_thread_blocked, id=31060, stack(0x0000000eb0900000,0x0000000eb0a00000)]
=>0x00000180ff77b620 JavaThread "C2 CompilerThread0" daemon [_thread_in_native, id=39292, stack(0x0000000eb0a00000,0x0000000eb0b00000)]
  0x00000180809723c0 JavaThread "C1 CompilerThread0" daemon [_thread_blocked, id=37992, stack(0x0000000eb0b00000,0x0000000eb0c00000)]
  0x0000018080977580 JavaThread "Sweeper thread" daemon [_thread_blocked, id=9712, stack(0x0000000eb0c00000,0x0000000eb0d00000)]
  0x0000018080a77de0 JavaThread "Notification Thread" daemon [_thread_blocked, id=26392, stack(0x0000000eb0d00000,0x0000000eb0e00000)]
  0x0000018080a8e3c0 JavaThread "Common-Cleaner" daemon [_thread_blocked, id=36680, stack(0x0000000eb0f00000,0x0000000eb1000000)]
  0x000001808149d670 JavaThread "ReaderThread" [_thread_in_native, id=30544, stack(0x0000000eb1200000,0x0000000eb1300000)]
  0x0000018081734290 JavaThread "Forwarding findElement on session 77cb9a26f2dcdc32a9999dc137b40718 to remote" [_thread_in_native, id=28368, stack(0x0000000eb1400000,0x0000000eb1500000)]
  0x0000018081f77040 JavaThread "Exec Default Executor" daemon [_thread_in_native, id=15564, stack(0x0000000eb1500000,0x0000000eb1600000)]
  0x0000018081f7c960 JavaThread "UrlChecker-2" daemon [_thread_blocked, id=17036, stack(0x0000000eb1600000,0x0000000eb1700000)]
  0x0000018081921700 JavaThread "Exec Stream Pumper" daemon [_thread_in_native, id=34584, stack(0x0000000eb1700000,0x0000000eb1800000)]
  0x00000180818ac030 JavaThread "Exec Stream Pumper" daemon [_thread_in_native, id=27508, stack(0x0000000eb1800000,0x0000000eb1900000)]
  0x00000180820b9d50 JavaThread "OkHttp ConnectionPool" daemon [_thread_blocked, id=20856, stack(0x0000000eb1300000,0x0000000eb1400000)]
  0x00000180820bb560 JavaThread "Okio Watchdog" daemon [_thread_blocked, id=37304, stack(0x0000000eb1900000,0x0000000eb1a00000)]

Other Threads:
  0x00000180ff76d890 VMThread "VM Thread" [stack: 0x0000000eb0300000,0x0000000eb0400000] [id=22424]
  0x0000018080a7e2d0 WatcherThread [stack: 0x0000000eb0e00000,0x0000000eb0f00000] [id=28216]
  0x00000180e329a290 GCTaskThread "GC Thread#0" [stack: 0x0000000eafe00000,0x0000000eaff00000] [id=5952]
  0x0000018080eb7710 GCTaskThread "GC Thread#1" [stack: 0x0000000eb1000000,0x0000000eb1100000] [id=36948]
  0x00000180e32a50e0 ConcurrentGCThread "G1 Main Marker" [stack: 0x0000000eaff00000,0x0000000eb0000000] [id=6792]
  0x00000180e32a73e0 ConcurrentGCThread "G1 Conc#0" [stack: 0x0000000eb0000000,0x0000000eb0100000] [id=22700]
  0x00000180e331c080 ConcurrentGCThread "G1 Refine#0" [stack: 0x0000000eb0100000,0x0000000eb0200000] [id=25820]
  0x00000180e331d380 ConcurrentGCThread "G1 Service" [stack: 0x0000000eb0200000,0x0000000eb0300000] [id=2000]

Threads with active compile tasks:
C2 CompilerThread0    13030 2403       4       jdk.internal.org.objectweb.asm.Frame::execute (2305 bytes)

VM state: not at safepoint (normal execution)

VM Mutex/Monitor currently owned by a thread: None

Heap address: 0x0000000760e00000, size: 2546 MB, Compressed Oops mode: Zero based, Oop shift amount: 3

CDS archive(s) not mapped
Compressed class space mapped at: 0x0000000800000000-0x0000000840000000, reserved size: 1073741824
Narrow klass base: 0x0000000800000000, Narrow klass shift: 0, Narrow klass range: 0x40000000

GC Precious Log:
 CPUs: 2 total, 2 available
 Memory: 10182M
 Large Page Support: Disabled
 NUMA Support: Disabled
 Compressed Oops: Enabled (Zero based)
 Heap Region Size: 2M
 Heap Min Capacity: 8M
 Heap Initial Capacity: 160M
 Heap Max Capacity: 2546M
 Pre-touch: Disabled
 Parallel Workers: 2
 Concurrent Workers: 1
 Concurrent Refinement Workers: 2
 Periodic GC: Disabled

Heap:
 garbage-first heap   total 49152K, used 32630K [0x0000000760e00000, 0x0000000800000000)
  region size 2048K, 13 young (26624K), 2 survivors (4096K)
 Metaspace       used 27562K, committed 27776K, reserved 1081344K
  class space    used 3021K, committed 3136K, reserved 1048576K

Heap Regions: E=young(eden), S=young(survivor), O=old, HS=humongous(starts), HC=humongous(continues), CS=collection set, F=free, OA=open archive, CA=closed archive, TAMS=top-at-mark-start (previous, next)
|   0|0x0000000760e00000, 0x0000000761000000, 0x0000000761000000|100%| O|  |TAMS 0x0000000761000000, 0x0000000760e00000| Untracked 
|   1|0x0000000761000000, 0x0000000761200000, 0x0000000761200000|100%| O|  |TAMS 0x0000000761200000, 0x0000000761000000| Untracked 
|   2|0x0000000761200000, 0x0000000761400000, 0x0000000761400000|100%| O|  |TAMS 0x0000000761400000, 0x0000000761200000| Untracked 
|   3|0x0000000761400000, 0x0000000761600000, 0x0000000761600000|100%| O|  |TAMS 0x0000000761600000, 0x0000000761400000| Untracked 
|   4|0x0000000761600000, 0x0000000761694800, 0x0000000761800000| 29%| O|  |TAMS 0x0000000761694800, 0x0000000761600000| Complete 
|   5|0x0000000761800000, 0x0000000761800000, 0x0000000761a00000|  0%| F|  |TAMS 0x0000000761800000, 0x0000000761800000| Untracked 
|   6|0x0000000761a00000, 0x0000000761a00000, 0x0000000761c00000|  0%| F|  |TAMS 0x0000000761a00000, 0x0000000761a00000| Untracked 
|   7|0x0000000761c00000, 0x0000000761c00000, 0x0000000761e00000|  0%| F|  |TAMS 0x0000000761c00000, 0x0000000761c00000| Untracked 
|   8|0x0000000761e00000, 0x0000000761e00000, 0x0000000762000000|  0%| F|  |TAMS 0x0000000761e00000, 0x0000000761e00000| Untracked 
|   9|0x0000000762000000, 0x0000000762000000, 0x0000000762200000|  0%| F|  |TAMS 0x0000000762000000, 0x0000000762000000| Untracked 
|  10|0x0000000762200000, 0x0000000762200000, 0x0000000762400000|  0%| F|  |TAMS 0x0000000762200000, 0x0000000762200000| Untracked 
|  11|0x0000000762400000, 0x00000007625712a0, 0x0000000762600000| 72%| E|  |TAMS 0x0000000762400000, 0x0000000762400000| Complete 
|  12|0x0000000762600000, 0x0000000762800000, 0x0000000762800000|100%| E|CS|TAMS 0x0000000762600000, 0x0000000762600000| Complete 
|  13|0x0000000762800000, 0x0000000762a00000, 0x0000000762a00000|100%| E|CS|TAMS 0x0000000762800000, 0x0000000762800000| Complete 
|  14|0x0000000762a00000, 0x0000000762c00000, 0x0000000762c00000|100%| E|CS|TAMS 0x0000000762a00000, 0x0000000762a00000| Complete 
|  15|0x0000000762c00000, 0x0000000762e00000, 0x0000000762e00000|100%| E|CS|TAMS 0x0000000762c00000, 0x0000000762c00000| Complete 
|  16|0x0000000762e00000, 0x0000000763000000, 0x0000000763000000|100%| E|CS|TAMS 0x0000000762e00000, 0x0000000762e00000| Complete 
|  17|0x0000000763000000, 0x0000000763200000, 0x0000000763200000|100%| E|CS|TAMS 0x0000000763000000, 0x0000000763000000| Complete 
|  18|0x0000000763200000, 0x0000000763400000, 0x0000000763400000|100%| E|CS|TAMS 0x0000000763200000, 0x0000000763200000| Complete 
|  19|0x0000000763400000, 0x0000000763600000, 0x0000000763600000|100%| E|CS|TAMS 0x0000000763400000, 0x0000000763400000| Complete 
|  20|0x0000000763600000, 0x0000000763800000, 0x0000000763800000|100%| E|CS|TAMS 0x0000000763600000, 0x0000000763600000| Complete 
|  21|0x0000000763800000, 0x0000000763a00000, 0x0000000763a00000|100%| E|CS|TAMS 0x0000000763800000, 0x0000000763800000| Complete 
|  69|0x0000000769800000, 0x0000000769949318, 0x0000000769a00000| 64%| S|CS|TAMS 0x0000000769800000, 0x0000000769800000| Complete 
|  70|0x0000000769a00000, 0x0000000769c00000, 0x0000000769c00000|100%| S|CS|TAMS 0x0000000769a00000, 0x0000000769a00000| Complete 

Card table byte_map: [0x00000180f7a10000,0x00000180f7f10000] _byte_map_base: 0x00000180f3f09000

Marking Bits (Prev, Next): (CMBitMap*) 0x00000180e329a8e0, (CMBitMap*) 0x00000180e329a8a0
 Prev Bits: [0x00000180fabe0000, 0x00000180fd3a8000)
 Next Bits: [0x00000180f8410000, 0x00000180fabd8000)

Polling page: 0x00000180e3040000

Metaspace:

Usage:
  Non-class:     23.97 MB used.
      Class:      2.95 MB used.
       Both:     26.92 MB used.

Virtual space:
  Non-class space:       32.00 MB reserved,      24.06 MB ( 75%) committed,  4 nodes.
      Class space:        1.00 GB reserved,       3.06 MB ( <1%) committed,  1 nodes.
             Both:        1.03 GB reserved,      27.12 MB (  3%) committed. 

Chunk freelists:
   Non-Class:  3.81 MB
       Class:  967.00 KB
        Both:  4.76 MB

MaxMetaspaceSize: unlimited
CompressedClassSpaceSize: 1.00 GB
Initial GC threshold: 21.00 MB
Current GC threshold: 35.12 MB
CDS: off
MetaspaceReclaimPolicy: balanced
 - commit_granule_bytes: 65536.
 - commit_granule_words: 8192.
 - virtual_space_node_default_size: 1048576.
 - enlarge_chunks_in_place: 1.
 - new_chunks_are_fully_committed: 0.
 - uncommit_free_chunks: 1.
 - use_allocation_guard: 0.
 - handle_deallocations: 1.


Internal statistics:

num_allocs_failed_limit: 3.
num_arena_births: 148.
num_arena_deaths: 0.
num_vsnodes_births: 5.
num_vsnodes_deaths: 0.
num_space_committed: 434.
num_space_uncommitted: 0.
num_chunks_returned_to_freelist: 3.
num_chunks_taken_from_freelist: 553.
num_chunk_merges: 3.
num_chunk_splits: 354.
num_chunks_enlarged: 255.
num_purges: 0.
num_inconsistent_stats: 0.

CodeHeap 'non-profiled nmethods': size=120064Kb used=1108Kb max_used=1108Kb free=118955Kb
 bounds [0x00000180efbd0000, 0x00000180efe40000, 0x00000180f7110000]
CodeHeap 'profiled nmethods': size=120000Kb used=4886Kb max_used=4886Kb free=115113Kb
 bounds [0x00000180e86a0000, 0x00000180e8b70000, 0x00000180efbd0000]
CodeHeap 'non-nmethods': size=5696Kb used=1256Kb max_used=1274Kb free=4440Kb
 bounds [0x00000180e8110000, 0x00000180e8380000, 0x00000180e86a0000]
 total_blobs=2987 nmethods=2420 adapters=479
 compilation: enabled
              stopped_count=0, restarted_count=0
 full_count=0

Compilation events (20 events):
Event: 12.811 Thread 0x00000180809723c0 2415       1       sun.reflect.annotation.AnnotationType::memberTypes (5 bytes)
Event: 12.811 Thread 0x00000180809723c0 nmethod 2415 0x00000180efce4610 code [0x00000180efce47a0, 0x00000180efce4878]
Event: 12.811 Thread 0x00000180809723c0 2416       1       sun.reflect.annotation.AnnotationType::memberDefaults (5 bytes)
Event: 12.811 Thread 0x00000180809723c0 nmethod 2416 0x00000180efce4910 code [0x00000180efce4aa0, 0x00000180efce4b78]
Event: 12.812 Thread 0x00000180809723c0 2417       3       sun.reflect.annotation.AnnotationType::getInstance (65 bytes)
Event: 12.812 Thread 0x00000180809723c0 nmethod 2417 0x00000180e8b62e90 code [0x00000180e8b63080, 0x00000180e8b63618]
Event: 12.812 Thread 0x00000180809723c0 2418       1       sun.reflect.annotation.AnnotationType::retention (5 bytes)
Event: 12.813 Thread 0x00000180809723c0 nmethod 2418 0x00000180efce4c10 code [0x00000180efce4da0, 0x00000180efce4e78]
Event: 12.813 Thread 0x00000180809723c0 2419       3       sun.reflect.generics.tree.SimpleClassTypeSignature::make (11 bytes)
Event: 12.813 Thread 0x00000180809723c0 nmethod 2419 0x00000180e8b63890 code [0x00000180e8b63a40, 0x00000180e8b63d18]
Event: 12.813 Thread 0x00000180809723c0 2420       3       java.util.HashSet::size (8 bytes)
Event: 12.814 Thread 0x00000180809723c0 nmethod 2420 0x00000180e8b63e10 code [0x00000180e8b63fa0, 0x00000180e8b64158]
Event: 12.817 Thread 0x00000180809723c0 2421       3       java.util.Collection::stream (11 bytes)
Event: 12.817 Thread 0x00000180809723c0 nmethod 2421 0x00000180e8b64210 code [0x00000180e8b643c0, 0x00000180e8b645b8]
Event: 12.818 Thread 0x00000180809723c0 2422       3       java.util.regex.Pattern$$Lambda$12/0x00000008000a2650::is (13 bytes)
Event: 12.818 Thread 0x00000180809723c0 nmethod 2422 0x00000180e8b64690 code [0x00000180e8b64840, 0x00000180e8b64a98]
Event: 12.818 Thread 0x00000180809723c0 2423       3       java.util.regex.Pattern$BitClass::is (22 bytes)
Event: 12.818 Thread 0x00000180809723c0 nmethod 2423 0x00000180e8b64b90 code [0x00000180e8b64d20, 0x00000180e8b64ef8]
Event: 12.819 Thread 0x00000180809723c0 2424   !   3       sun.nio.ch.NioSocketImpl::tryRead (87 bytes)
Event: 12.819 Thread 0x00000180809723c0 nmethod 2424 0x00000180e8b65010 code [0x00000180e8b65220, 0x00000180e8b657b8]

GC Heap History (10 events):
Event: 1.394 GC heap before
{Heap before GC invocations=0 (full 0):
 garbage-first heap   total 163840K, used 6144K [0x0000000760e00000, 0x0000000800000000)
  region size 2048K, 4 young (8192K), 0 survivors (0K)
 Metaspace       used 7265K, committed 7424K, reserved 1056768K
  class space    used 623K, committed 704K, reserved 1048576K
}
Event: 1.412 GC heap after
{Heap after GC invocations=1 (full 0):
 garbage-first heap   total 163840K, used 5389K [0x0000000760e00000, 0x0000000800000000)
  region size 2048K, 1 young (2048K), 1 survivors (2048K)
 Metaspace       used 7265K, committed 7424K, reserved 1056768K
  class space    used 623K, committed 704K, reserved 1048576K
}
Event: 1.617 GC heap before
{Heap before GC invocations=1 (full 0):
 garbage-first heap   total 163840K, used 9485K [0x0000000760e00000, 0x0000000800000000)
  region size 2048K, 4 young (8192K), 1 survivors (2048K)
 Metaspace       used 7355K, committed 7488K, reserved 1056768K
  class space    used 627K, committed 704K, reserved 1048576K
}
Event: 1.620 GC heap after
{Heap after GC invocations=2 (full 0):
 garbage-first heap   total 163840K, used 6258K [0x0000000760e00000, 0x0000000800000000)
  region size 2048K, 1 young (2048K), 1 survivors (2048K)
 Metaspace       used 7355K, committed 7488K, reserved 1056768K
  class space    used 627K, committed 704K, reserved 1048576K
}
Event: 2.278 GC heap before
{Heap before GC invocations=2 (full 0):
 garbage-first heap   total 163840K, used 10354K [0x0000000760e00000, 0x0000000800000000)
  region size 2048K, 4 young (8192K), 1 survivors (2048K)
 Metaspace       used 11757K, committed 11968K, reserved 1064960K
  class space    used 1111K, committed 1216K, reserved 1048576K
}
Event: 2.284 GC heap after
{Heap after GC invocations=3 (full 0):
 garbage-first heap   total 163840K, used 8762K [0x0000000760e00000, 0x0000000800000000)
  region size 2048K, 1 young (2048K), 1 survivors (2048K)
 Metaspace       used 11757K, committed 11968K, reserved 1064960K
  class space    used 1111K, committed 1216K, reserved 1048576K
}
Event: 3.131 GC heap before
{Heap before GC invocations=3 (full 0):
 garbage-first heap   total 163840K, used 16954K [0x0000000760e00000, 0x0000000800000000)
  region size 2048K, 6 young (12288K), 1 survivors (2048K)
 Metaspace       used 15361K, committed 15488K, reserved 1064960K
  class space    used 1486K, committed 1536K, reserved 1048576K
}
Event: 3.140 GC heap after
{Heap after GC invocations=4 (full 0):
 garbage-first heap   total 163840K, used 10381K [0x0000000760e00000, 0x0000000800000000)
  region size 2048K, 1 young (2048K), 1 survivors (2048K)
 Metaspace       used 15361K, committed 15488K, reserved 1064960K
  class space    used 1486K, committed 1536K, reserved 1048576K
}
Event: 5.504 GC heap before
{Heap before GC invocations=4 (full 0):
 garbage-first heap   total 163840K, used 24717K [0x0000000760e00000, 0x0000000800000000)
  region size 2048K, 9 young (18432K), 1 survivors (2048K)
 Metaspace       used 21358K, committed 21504K, reserved 1073152K
  class space    used 2159K, committed 2240K, reserved 1048576K
}
Event: 5.514 GC heap after
{Heap after GC invocations=5 (full 0):
 garbage-first heap   total 163840K, used 12150K [0x0000000760e00000, 0x0000000800000000)
  region size 2048K, 2 young (4096K), 2 survivors (4096K)
 Metaspace       used 21358K, committed 21504K, reserved 1073152K
  class space    used 2159K, committed 2240K, reserved 1048576K
}

Deoptimization events (20 events):
Event: 11.930 Thread 0x0000018081734290 Uncommon trap: trap_request=0xffffffde fr.pc=0x00000180efccd4b0 relative=0x0000000000000550
Event: 11.930 Thread 0x0000018081734290 Uncommon trap: reason=class_check action=maybe_recompile pc=0x00000180efccd4b0 method=org.openqa.selenium.json.Input.init()V @ 18 c2
Event: 11.930 Thread 0x0000018081734290 DEOPT PACKING pc=0x00000180efccd4b0 sp=0x0000000eb14fd340
Event: 11.930 Thread 0x0000018081734290 DEOPT UNPACKING pc=0x00000180e81623a3 sp=0x0000000eb14fd328 mode 2
Event: 11.930 Thread 0x0000018081734290 Uncommon trap: trap_request=0xffffffde fr.pc=0x00000180efccd4b0 relative=0x0000000000000550
Event: 11.930 Thread 0x0000018081734290 Uncommon trap: reason=class_check action=maybe_recompile pc=0x00000180efccd4b0 method=org.openqa.selenium.json.Input.init()V @ 18 c2
Event: 11.930 Thread 0x0000018081734290 DEOPT PACKING pc=0x00000180efccd4b0 sp=0x0000000eb14fcec0
Event: 11.930 Thread 0x0000018081734290 DEOPT UNPACKING pc=0x00000180e81623a3 sp=0x0000000eb14fcea8 mode 2
Event: 11.930 Thread 0x0000018081734290 Uncommon trap: trap_request=0xffffffde fr.pc=0x00000180efccd4b0 relative=0x0000000000000550
Event: 11.930 Thread 0x0000018081734290 Uncommon trap: reason=class_check action=maybe_recompile pc=0x00000180efccd4b0 method=org.openqa.selenium.json.Input.init()V @ 18 c2
Event: 11.930 Thread 0x0000018081734290 DEOPT PACKING pc=0x00000180efccd4b0 sp=0x0000000eb14fc8f0
Event: 11.930 Thread 0x0000018081734290 DEOPT UNPACKING pc=0x00000180e81623a3 sp=0x0000000eb14fc8d8 mode 2
Event: 11.930 Thread 0x0000018081734290 Uncommon trap: trap_request=0xffffffde fr.pc=0x00000180efccd4b0 relative=0x0000000000000550
Event: 11.930 Thread 0x0000018081734290 Uncommon trap: reason=class_check action=maybe_recompile pc=0x00000180efccd4b0 method=org.openqa.selenium.json.Input.init()V @ 18 c2
Event: 11.930 Thread 0x0000018081734290 DEOPT PACKING pc=0x00000180efccd4b0 sp=0x0000000eb14fc8f0
Event: 11.930 Thread 0x0000018081734290 DEOPT UNPACKING pc=0x00000180e81623a3 sp=0x0000000eb14fc8d8 mode 2
Event: 12.598 Thread 0x0000018081734290 Uncommon trap: trap_request=0xffffffde fr.pc=0x00000180efc4fd04 relative=0x0000000000000f64
Event: 12.598 Thread 0x0000018081734290 Uncommon trap: reason=class_check action=maybe_recompile pc=0x00000180efc4fd04 method=java.util.concurrent.ConcurrentHashMap.putVal(Ljava/lang/Object;Ljava/lang/Object;Z)Ljava/lang/Object; @ 242 c2
Event: 12.598 Thread 0x0000018081734290 DEOPT PACKING pc=0x00000180efc4fd04 sp=0x0000000eb14fe020
Event: 12.598 Thread 0x0000018081734290 DEOPT UNPACKING pc=0x00000180e81623a3 sp=0x0000000eb14fdf90 mode 2

Classes unloaded (0 events):
No events

Classes redefined (0 events):
No events

Internal exceptions (20 events):
Event: 7.901 Thread 0x0000018081f77040 Exception <a 'java/lang/NoSuchMethodError'{0x000000076339d038}: 'java.lang.Object java.lang.invoke.DirectMethodHandle$Holder.newInvokeSpecial(java.lang.Object, java.lang.Object, long)'> (0x000000076339d038) 
thrown [e:\jenkins\tmp\workspace\build\src\src\hotspot\share\interpreter\linkResolver.cpp, line 766]
Event: 7.903 Thread 0x0000018081f77040 Exception <a 'java/lang/NoSuchMethodError'{0x00000007633a0f50}: 'java.lang.Object java.lang.invoke.Invokers$Holder.linkToTargetMethod(java.lang.Object, long, java.lang.Object)'> (0x00000007633a0f50) 
thrown [e:\jenkins\tmp\workspace\build\src\src\hotspot\share\interpreter\linkResolver.cpp, line 766]
Event: 8.199 Thread 0x0000018081734290 Exception <a 'java/lang/NoSuchMethodError'{0x000000076335cab8}: 'java.lang.Object java.lang.invoke.DirectMethodHandle$Holder.invokeInterface(java.lang.Object, java.lang.Object, java.lang.Object)'> (0x000000076335cab8) 
thrown [e:\jenkins\tmp\workspace\build\src\src\hotspot\share\interpreter\linkResolver.cpp, line 766]
Event: 8.199 Thread 0x0000018081734290 Exception <a 'java/lang/IncompatibleClassChangeError'{0x0000000763360620}: Found class java.lang.Object, but interface was expected> (0x0000000763360620) 
thrown [e:\jenkins\tmp\workspace\build\src\src\hotspot\share\interpreter\linkResolver.cpp, line 833]
Event: 8.201 Thread 0x0000018081734290 Exception <a 'java/lang/NoSuchMethodError'{0x0000000763366140}: 'int java.lang.invoke.DirectMethodHandle$Holder.invokeSpecial(java.lang.Object, java.lang.Object, java.lang.Object)'> (0x0000000763366140) 
thrown [e:\jenkins\tmp\workspace\build\src\src\hotspot\share\interpreter\linkResolver.cpp, line 766]
Event: 8.202 Thread 0x0000018081734290 Exception <a 'java/lang/NoSuchMethodError'{0x000000076336c978}: 'int java.lang.invoke.DirectMethodHandle$Holder.invokeSpecialIFC(java.lang.Object, java.lang.Object, java.lang.Object, java.lang.Object)'> (0x000000076336c978) 
thrown [e:\jenkins\tmp\workspace\build\src\src\hotspot\share\interpreter\linkResolver.cpp, line 766]
Event: 8.205 Thread 0x0000018081734290 Exception <a 'java/lang/NoSuchMethodError'{0x0000000763374d58}: 'java.lang.Object java.lang.invoke.DirectMethodHandle$Holder.invokeInterface(java.lang.Object, java.lang.Object, java.lang.Object, java.lang.Object)'> (0x0000000763374d58) 
thrown [e:\jenkins\tmp\workspace\build\src\src\hotspot\share\interpreter\linkResolver.cpp, line 766]
Event: 8.214 Thread 0x0000018081734290 Exception <a 'java/lang/NoSuchMethodError'{0x0000000763021270}: 'java.lang.Object java.lang.invoke.DirectMethodHandle$Holder.invokeVirtual(java.lang.Object, java.lang.Object, java.lang.Object)'> (0x0000000763021270) 
thrown [e:\jenkins\tmp\workspace\build\src\src\hotspot\share\interpreter\linkResolver.cpp, line 766]
Event: 8.237 Thread 0x0000018081734290 Exception <a 'java/lang/NoSuchMethodError'{0x0000000763093d50}: 'void java.lang.invoke.DirectMethodHandle$Holder.invokeInterface(java.lang.Object, java.lang.Object, java.lang.Object)'> (0x0000000763093d50) 
thrown [e:\jenkins\tmp\workspace\build\src\src\hotspot\share\interpreter\linkResolver.cpp, line 766]
Event: 8.262 Thread 0x0000018081734290 Exception <a 'java/lang/NoSuchMethodError'{0x00000007630f0558}: 'int java.lang.invoke.DirectMethodHandle$Holder.invokeVirtual(java.lang.Object, java.lang.Object)'> (0x00000007630f0558) 
thrown [e:\jenkins\tmp\workspace\build\src\src\hotspot\share\interpreter\linkResolver.cpp, line 766]
Event: 8.263 Thread 0x0000018081734290 Exception <a 'java/lang/NoSuchMethodError'{0x00000007630f69e8}: 'double java.lang.invoke.DirectMethodHandle$Holder.invokeVirtual(java.lang.Object, java.lang.Object)'> (0x00000007630f69e8) 
thrown [e:\jenkins\tmp\workspace\build\src\src\hotspot\share\interpreter\linkResolver.cpp, line 766]
Event: 8.264 Thread 0x0000018081734290 Exception <a 'java/lang/NoSuchMethodError'{0x00000007630fd168}: 'float java.lang.invoke.DirectMethodHandle$Holder.invokeVirtual(java.lang.Object, java.lang.Object)'> (0x00000007630fd168) 
thrown [e:\jenkins\tmp\workspace\build\src\src\hotspot\share\interpreter\linkResolver.cpp, line 766]
Event: 8.266 Thread 0x0000018081734290 Exception <a 'java/lang/NoSuchMethodError'{0x0000000763106160}: 'long java.lang.invoke.DirectMethodHandle$Holder.invokeVirtual(java.lang.Object, java.lang.Object)'> (0x0000000763106160) 
thrown [e:\jenkins\tmp\workspace\build\src\src\hotspot\share\interpreter\linkResolver.cpp, line 766]
Event: 8.274 Thread 0x0000018081734290 Exception <a 'java/lang/NoSuchMethodError'{0x000000076312d518}: 'void java.lang.invoke.DirectMethodHandle$Holder.invokeStatic(java.lang.Object, java.lang.Object, java.lang.Object)'> (0x000000076312d518) 
thrown [e:\jenkins\tmp\workspace\build\src\src\hotspot\share\interpreter\linkResolver.cpp, line 766]
Event: 8.339 Thread 0x0000018081734290 Exception <a 'java/lang/NoSuchMethodError'{0x0000000762e555c8}: 'void java.lang.invoke.DirectMethodHandle$Holder.invokeSpecial(java.lang.Object, java.lang.Object, java.lang.Object, java.lang.Object, java.lang.Object)'> (0x0000000762e555c8) 
thrown [e:\jenkins\tmp\workspace\build\src\src\hotspot\share\interpreter\linkResolver.cpp, line 766]
Event: 8.438 Thread 0x0000018081734290 Exception <a 'java/lang/NoSuchMethodError'{0x0000000762f12310}: 'java.lang.Object java.lang.invoke.DirectMethodHandle$Holder.newInvokeSpecial(java.lang.Object, java.lang.Object, java.lang.Object, java.lang.Object, java.lang.Object)'> (0x0000000762f12310) 
thrown [e:\jenkins\tmp\workspace\build\src\src\hotspot\share\interpreter\linkResolver.cpp, line 766]
Event: 8.529 Thread 0x0000018081734290 Exception <a 'java/lang/NoSuchMethodError'{0x0000000762c20d20}: 'java.lang.Object java.lang.invoke.Invokers$Holder.invokeExact_MT(java.lang.Object, java.lang.Object, java.lang.Object, java.lang.Object, java.lang.Object, java.lang.Object)'> (0x0000000762c20d20) 
thrown [e:\jenkins\tmp\workspace\build\src\src\hotspot\share\interpreter\linkResolver.cpp, line 766]
Event: 8.957 Thread 0x0000018081734290 Exception <a 'java/lang/NoSuchMethodError'{0x0000000762802ee8}: 'void java.lang.invoke.DirectMethodHandle$Holder.invokeStatic(java.lang.Object, java.lang.Object, java.lang.Object, java.lang.Object)'> (0x0000000762802ee8) 
thrown [e:\jenkins\tmp\workspace\build\src\src\hotspot\share\interpreter\linkResolver.cpp, line 766]
Event: 11.951 Thread 0x0000018081734290 Exception <a 'java/lang/NoSuchMethodError'{0x00000007629a2268}: 'java.lang.Object java.lang.invoke.DirectMethodHandle$Holder.invokeSpecialIFC(java.lang.Object, java.lang.Object, java.lang.Object)'> (0x00000007629a2268) 
thrown [e:\jenkins\tmp\workspace\build\src\src\hotspot\share\interpreter\linkResolver.cpp, line 766]
Event: 12.023 Thread 0x0000018081734290 Exception <a 'java/lang/ClassNotFoundException'{0x0000000762640dc0}: sun/util/logging/resources/spi/loggingProvider> (0x0000000762640dc0) 
thrown [e:\jenkins\tmp\workspace\build\src\src\hotspot\share\classfile\systemDictionary.cpp, line 256]

VM Operations (20 events):
Event: 5.504 Executing VM operation: CollectForMetadataAllocation
Event: 5.524 Executing VM operation: CollectForMetadataAllocation done
Event: 5.527 Executing VM operation: G1Concurrent
Event: 5.535 Executing VM operation: G1Concurrent done
Event: 5.539 Executing VM operation: G1Concurrent
Event: 5.539 Executing VM operation: G1Concurrent done
Event: 5.851 Executing VM operation: HandshakeAllThreads
Event: 5.851 Executing VM operation: HandshakeAllThreads done
Event: 6.142 Executing VM operation: HandshakeAllThreads
Event: 6.142 Executing VM operation: HandshakeAllThreads done
Event: 7.150 Executing VM operation: Cleanup
Event: 7.150 Executing VM operation: Cleanup done
Event: 8.155 Executing VM operation: Cleanup
Event: 8.155 Executing VM operation: Cleanup done
Event: 9.160 Executing VM operation: Cleanup
Event: 9.160 Executing VM operation: Cleanup done
Event: 12.161 Executing VM operation: Cleanup
Event: 12.162 Executing VM operation: Cleanup done
Event: 12.817 Executing VM operation: ICBufferFull
Event: 12.817 Executing VM operation: ICBufferFull done

Events (20 events):
Event: 12.025 loading class sun/util/logging/resources/logging_en
Event: 12.025 loading class sun/util/logging/resources/logging_en done
Event: 12.049 loading class java/util/Formatter$DateTime
Event: 12.049 loading class java/util/Formatter$DateTime done
Event: 12.051 loading class java/time/ZonedDateTime$1
Event: 12.051 loading class java/time/ZonedDateTime$1 done
Event: 12.051 loading class java/time/LocalDate$1
Event: 12.051 loading class java/time/LocalDate$1 done
Event: 12.051 loading class java/time/LocalTime$1
Event: 12.051 loading class java/time/LocalTime$1 done
Event: 12.562 loading class java/util/concurrent/TimeUnit$1
Event: 12.562 loading class java/util/concurrent/TimeUnit$1 done
Event: 12.594 loading class java/util/regex/Pattern$BnM
Event: 12.594 loading class java/util/regex/Pattern$BnM done
Event: 12.599 loading class jdk/internal/reflect/UnsafeLongFieldAccessorImpl
Event: 12.599 loading class jdk/internal/reflect/UnsafeLongFieldAccessorImpl done
Event: 12.698 loading class java/lang/annotation/ElementType
Event: 12.698 loading class java/lang/annotation/ElementType done
Event: 12.772 loading class java/util/AbstractList$ListItr
Event: 12.772 loading class java/util/AbstractList$ListItr done


Dynamic libraries:
0x00007ff70be30000 - 0x00007ff70be3e000 	C:\Users\user\.p2\pool\plugins\org.eclipse.justj.openjdk.hotspot.jre.full.win32.x86_64_17.0.1.v20211116-1657\jre\bin\javaw.exe
0x00007ffc23e30000 - 0x00007ffc24025000 	C:\WINDOWS\SYSTEM32\ntdll.dll
0x00007ffc22130000 - 0x00007ffc221ee000 	C:\WINDOWS\System32\KERNEL32.DLL
0x00007ffc21b30000 - 0x00007ffc21df8000 	C:\WINDOWS\System32\KERNELBASE.dll
0x00007ffc218f0000 - 0x00007ffc219f0000 	C:\WINDOWS\System32\ucrtbase.dll
0x00007ffc0b630000 - 0x00007ffc0b648000 	C:\Users\user\.p2\pool\plugins\org.eclipse.justj.openjdk.hotspot.jre.full.win32.x86_64_17.0.1.v20211116-1657\jre\bin\jli.dll
0x00007ffc23c40000 - 0x00007ffc23de1000 	C:\WINDOWS\System32\USER32.dll
0x00007ffc21870000 - 0x00007ffc21892000 	C:\WINDOWS\System32\win32u.dll
0x00007ffc22090000 - 0x00007ffc220bb000 	C:\WINDOWS\System32\GDI32.dll
0x00007ffc219f0000 - 0x00007ffc21afd000 	C:\WINDOWS\System32\gdi32full.dll
0x00007ffc21770000 - 0x00007ffc2180d000 	C:\WINDOWS\System32\msvcp_win.dll
0x00007ffc0b650000 - 0x00007ffc0b669000 	C:\Users\user\.p2\pool\plugins\org.eclipse.justj.openjdk.hotspot.jre.full.win32.x86_64_17.0.1.v20211116-1657\jre\bin\VCRUNTIME140.dll
0x00007ffc07430000 - 0x00007ffc076ca000 	C:\WINDOWS\WinSxS\amd64_microsoft.windows.common-controls_6595b64144ccf1df_6.0.19041.1110_none_60b5254171f9507e\COMCTL32.dll
0x00007ffc23090000 - 0x00007ffc2312e000 	C:\WINDOWS\System32\msvcrt.dll
0x00007ffc22a90000 - 0x00007ffc22ac0000 	C:\WINDOWS\System32\IMM32.DLL
0x00007ffc11bd0000 - 0x00007ffc11bdc000 	C:\Users\user\.p2\pool\plugins\org.eclipse.justj.openjdk.hotspot.jre.full.win32.x86_64_17.0.1.v20211116-1657\jre\bin\vcruntime140_1.dll
0x00007ffc053f0000 - 0x00007ffc05481000 	C:\Users\user\.p2\pool\plugins\org.eclipse.justj.openjdk.hotspot.jre.full.win32.x86_64_17.0.1.v20211116-1657\jre\bin\msvcp140.dll
0x00007ffbc6150000 - 0x00007ffbc6d96000 	C:\Users\user\.p2\pool\plugins\org.eclipse.justj.openjdk.hotspot.jre.full.win32.x86_64_17.0.1.v20211116-1657\jre\bin\server\jvm.dll
0x00007ffc23b90000 - 0x00007ffc23c3e000 	C:\WINDOWS\System32\ADVAPI32.dll
0x00007ffc229f0000 - 0x00007ffc22a8c000 	C:\WINDOWS\System32\sechost.dll
0x00007ffc23320000 - 0x00007ffc23445000 	C:\WINDOWS\System32\RPCRT4.dll
0x00007ffc22120000 - 0x00007ffc22128000 	C:\WINDOWS\System32\PSAPI.DLL
0x00007ffc1cc70000 - 0x00007ffc1cc79000 	C:\WINDOWS\SYSTEM32\WSOCK32.dll
0x00007ffc23b20000 - 0x00007ffc23b8b000 	C:\WINDOWS\System32\WS2_32.dll
0x00007ffc0e530000 - 0x00007ffc0e557000 	C:\WINDOWS\SYSTEM32\WINMM.dll
0x00007ffc1b200000 - 0x00007ffc1b20a000 	C:\WINDOWS\SYSTEM32\VERSION.dll
0x00007ffc1f440000 - 0x00007ffc1f452000 	C:\WINDOWS\SYSTEM32\kernel.appcore.dll
0x00007ffc1c6a0000 - 0x00007ffc1c6aa000 	C:\Users\user\.p2\pool\plugins\org.eclipse.justj.openjdk.hotspot.jre.full.win32.x86_64_17.0.1.v20211116-1657\jre\bin\jimage.dll
0x00007ffc130e0000 - 0x00007ffc132c4000 	C:\WINDOWS\SYSTEM32\DBGHELP.DLL
0x00007ffc13090000 - 0x00007ffc130bc000 	C:\WINDOWS\SYSTEM32\dbgcore.DLL
0x00007ffc216e0000 - 0x00007ffc21762000 	C:\WINDOWS\System32\bcryptPrimitives.dll
0x00007ffc0f3b0000 - 0x00007ffc0f3d5000 	C:\Users\user\.p2\pool\plugins\org.eclipse.justj.openjdk.hotspot.jre.full.win32.x86_64_17.0.1.v20211116-1657\jre\bin\java.dll
0x00007ffc1b4f0000 - 0x00007ffc1b508000 	C:\Users\user\.p2\pool\plugins\org.eclipse.justj.openjdk.hotspot.jre.full.win32.x86_64_17.0.1.v20211116-1657\jre\bin\zip.dll
0x00007ffc222a0000 - 0x00007ffc229e4000 	C:\WINDOWS\System32\SHELL32.dll
0x00007ffc1f720000 - 0x00007ffc1feb5000 	C:\WINDOWS\SYSTEM32\windows.storage.dll
0x00007ffc22c80000 - 0x00007ffc22fd5000 	C:\WINDOWS\System32\combase.dll
0x00007ffc20fb0000 - 0x00007ffc20fde000 	C:\WINDOWS\SYSTEM32\Wldp.dll
0x00007ffc221f0000 - 0x00007ffc2229d000 	C:\WINDOWS\System32\SHCORE.dll
0x00007ffc232c0000 - 0x00007ffc23315000 	C:\WINDOWS\System32\shlwapi.dll
0x00007ffc21570000 - 0x00007ffc2158f000 	C:\WINDOWS\SYSTEM32\profapi.dll
0x00007ffc0fad0000 - 0x00007ffc0fae9000 	C:\Users\user\.p2\pool\plugins\org.eclipse.justj.openjdk.hotspot.jre.full.win32.x86_64_17.0.1.v20211116-1657\jre\bin\net.dll
0x00007ffc122a0000 - 0x00007ffc123ac000 	C:\WINDOWS\SYSTEM32\WINHTTP.dll
0x00007ffc20d10000 - 0x00007ffc20d7a000 	C:\WINDOWS\system32\mswsock.dll
0x00007ffc0b5d0000 - 0x00007ffc0b5e5000 	C:\Users\user\.p2\pool\plugins\org.eclipse.justj.openjdk.hotspot.jre.full.win32.x86_64_17.0.1.v20211116-1657\jre\bin\nio.dll
0x00007ffc20a40000 - 0x00007ffc20b0b000 	C:\WINDOWS\SYSTEM32\DNSAPI.dll
0x00007ffc20a00000 - 0x00007ffc20a3b000 	C:\WINDOWS\SYSTEM32\IPHLPAPI.DLL
0x00007ffc22080000 - 0x00007ffc22088000 	C:\WINDOWS\System32\NSI.dll
0x00007ffc0c910000 - 0x00007ffc0c91a000 	C:\Windows\System32\rasadhlp.dll
0x00007ffc0a0a0000 - 0x00007ffc0a11f000 	C:\WINDOWS\System32\fwpuclnt.dll
0x00007ffc21b00000 - 0x00007ffc21b27000 	C:\WINDOWS\System32\bcrypt.dll
0x00007ffc11be0000 - 0x00007ffc11bee000 	C:\Users\user\.p2\pool\plugins\org.eclipse.justj.openjdk.hotspot.jre.full.win32.x86_64_17.0.1.v20211116-1657\jre\bin\sunmscapi.dll
0x00007ffc21e00000 - 0x00007ffc21f56000 	C:\WINDOWS\System32\CRYPT32.dll
0x00007ffc21020000 - 0x00007ffc21047000 	C:\WINDOWS\SYSTEM32\ncrypt.dll
0x00007ffc20fe0000 - 0x00007ffc2101b000 	C:\WINDOWS\SYSTEM32\NTASN1.dll
0x00007ffc20f00000 - 0x00007ffc20f18000 	C:\WINDOWS\SYSTEM32\CRYPTSP.dll
0x00007ffc20690000 - 0x00007ffc206c4000 	C:\WINDOWS\system32\rsaenh.dll
0x00007ffc214f0000 - 0x00007ffc2151e000 	C:\WINDOWS\SYSTEM32\USERENV.dll
0x00007ffc20f20000 - 0x00007ffc20f2c000 	C:\WINDOWS\SYSTEM32\CRYPTBASE.dll
0x00007ffc16f00000 - 0x00007ffc16f17000 	C:\WINDOWS\SYSTEM32\dhcpcsvc6.DLL
0x00007ffc1a550000 - 0x00007ffc1a56d000 	C:\WINDOWS\SYSTEM32\dhcpcsvc.DLL
0x00007ffc1bc10000 - 0x00007ffc1bc20000 	C:\Users\user\.p2\pool\plugins\org.eclipse.justj.openjdk.hotspot.jre.full.win32.x86_64_17.0.1.v20211116-1657\jre\bin\verify.dll

dbghelp: loaded successfully - version: 4.0.5 - missing functions: none
symbol engine: initialized successfully - sym options: 0x614 - pdb path: .;C:\Users\user\.p2\pool\plugins\org.eclipse.justj.openjdk.hotspot.jre.full.win32.x86_64_17.0.1.v20211116-1657\jre\bin;C:\WINDOWS\SYSTEM32;C:\WINDOWS\WinSxS\amd64_microsoft.windows.common-controls_6595b64144ccf1df_6.0.19041.1110_none_60b5254171f9507e;C:\Users\user\.p2\pool\plugins\org.eclipse.justj.openjdk.hotspot.jre.full.win32.x86_64_17.0.1.v20211116-1657\jre\bin\server

VM Arguments:
jvm_args: -ea -Dfile.encoding=Cp1252 -XX:+ShowCodeDetailsInExceptionMessages 
java_command: org.testng.remote.RemoteTestNG -serport 49860 -protocol json -d E:\PokerBazzi.com\PokerBaazi\test-output E:\PokerBazzi.com\PokerBaazi\testng1.xml
java_class_path (initial): E:\Maven Project11\eclipse\configuration\org.eclipse.osgi\938\0\.cp\lib\testng-remote.jar;E:\PokerBazzi.com\PokerBaazi\target\test-classes;E:\PokerBazzi.com\PokerBaazi\target\classes;C:\Users\user\.m2\repository\org\seleniumhq\selenium\selenium-java\3.141.59\selenium-java-3.141.59.jar;C:\Users\user\.m2\repository\org\seleniumhq\selenium\selenium-api\3.141.59\selenium-api-3.141.59.jar;C:\Users\user\.m2\repository\org\seleniumhq\selenium\selenium-chrome-driver\3.141.59\selenium-chrome-driver-3.141.59.jar;C:\Users\user\.m2\repository\org\seleniumhq\selenium\selenium-edge-driver\3.141.59\selenium-edge-driver-3.141.59.jar;C:\Users\user\.m2\repository\org\seleniumhq\selenium\selenium-firefox-driver\3.141.59\selenium-firefox-driver-3.141.59.jar;C:\Users\user\.m2\repository\org\seleniumhq\selenium\selenium-ie-driver\3.141.59\selenium-ie-driver-3.141.59.jar;C:\Users\user\.m2\repository\org\seleniumhq\selenium\selenium-opera-driver\3.141.59\selenium-opera-driver-3.141.59.jar;C:\Users\user\.m2\repository\org\seleniumhq\selenium\selenium-remote-driver\3.141.59\selenium-remote-driver-3.141.59.jar;C:\Users\user\.m2\repository\org\seleniumhq\selenium\selenium-safari-driver\3.141.59\selenium-safari-driver-3.141.59.jar;C:\Users\user\.m2\repository\org\seleniumhq\selenium\selenium-support\3.141.59\selenium-support-3.141.59.jar;C:\Users\user\.m2\repository\net\bytebuddy\byte-buddy\1.8.15\byte-buddy-1.8.15.jar;C:\Users\user\.m2\repository\org\apache\commons\commons-exec\1.3\commons-exec-1.3.jar;C:\Users\user\.m2\repository\com\google\guava\guava\25.0-jre\guava-25.0-jre.jar;C:\Users\user\.m2\repository\com\google\code\findbugs\jsr305\1.3.9\jsr305-1.3.9.jar;C:\Users\user\.m2\repository\org\checkerframework\checker-compat-qual\2.0.0\checker-compat-qual-2.0.0.jar;C:\Users\user\.m2\repository\com\google\errorprone\error_prone_annotations\2.1.3\error_prone_annotations-2.1.3.jar;C:\Users\user\.m2\repository\com\google\j2objc\j2objc-annotations\1.1\j2objc-annotatio
Launcher Type: SUN_STANDARD

[Global flags]
     intx CICompilerCount                          = 2                                         {product} {ergonomic}
     uint ConcGCThreads                            = 1                                         {product} {ergonomic}
     uint G1ConcRefinementThreads                  = 2                                         {product} {ergonomic}
   size_t G1HeapRegionSize                         = 2097152                                   {product} {ergonomic}
    uintx GCDrainStackTargetSize                   = 64                                        {product} {ergonomic}
   size_t InitialHeapSize                          = 167772160                                 {product} {ergonomic}
   size_t MarkStackSize                            = 4194304                                   {product} {ergonomic}
   size_t MaxHeapSize                              = 2669674496                                {product} {ergonomic}
   size_t MaxNewSize                               = 1600126976                                {product} {ergonomic}
   size_t MinHeapDeltaBytes                        = 2097152                                   {product} {ergonomic}
   size_t MinHeapSize                              = 8388608                                   {product} {ergonomic}
    uintx NonNMethodCodeHeapSize                   = 5826188                                {pd product} {ergonomic}
    uintx NonProfiledCodeHeapSize                  = 122916026                              {pd product} {ergonomic}
    uintx ProfiledCodeHeapSize                     = 122916026                              {pd product} {ergonomic}
    uintx ReservedCodeCacheSize                    = 251658240                              {pd product} {ergonomic}
     bool SegmentedCodeCache                       = true                                      {product} {ergonomic}
     bool ShowCodeDetailsInExceptionMessages       = true                                   {manageable} {command line}
   size_t SoftMaxHeapSize                          = 2669674496                             {manageable} {ergonomic}
     bool UseCompressedClassPointers               = true                           {product lp64_product} {ergonomic}
     bool UseCompressedOops                        = true                           {product lp64_product} {ergonomic}
     bool UseG1GC                                  = true                                      {product} {ergonomic}
     bool UseLargePagesIndividualAllocation        = false                                  {pd product} {ergonomic}

Logging:
Log output configuration:
 #0: stdout all=warning uptime,level,tags
 #1: stderr all=off uptime,level,tags

Environment Variables:
PATH=C:/Users/user/.p2/pool/plugins/org.eclipse.justj.openjdk.hotspot.jre.full.win32.x86_64_17.0.1.v20211116-1657/jre/bin/server;C:/Users/user/.p2/pool/plugins/org.eclipse.justj.openjdk.hotspot.jre.full.win32.x86_64_17.0.1.v20211116-1657/jre/bin;F:\oracle\product\10.2.0\db_1\bin;C:\WINDOWS\system32;C:\WINDOWS;C:\WINDOWS\System32\Wbem;C:\WINDOWS\System32\WindowsPowerShell\v1.0\;C:\WINDOWS\System32\OpenSSH\;C:\Users\user\AppData\Local\Microsoft\WindowsApps;;C:\Users\user\Desktop;
USERNAME=user
OS=Windows_NT
PROCESSOR_IDENTIFIER=AMD64 Family 23 Model 24 Stepping 1, AuthenticAMD



---------------  S Y S T E M  ---------------

OS:
 Windows 10 , 64 bit Build 19041 (10.0.19041.1466)
OS uptime: 26 days 16:46 hours

CPU: total 2 (initial active 2) (2 cores per cpu, 1 threads per core) family 23 model 24 stepping 1 microcode 0x0, cx8, cmov, fxsr, mmx, 3dnowpref, sse, sse2, sse3, ssse3, sse4a, sse4.1, sse4.2, popcnt, lzcnt, tsc, tscinvbit, avx, avx2, aes, clmul, bmi1, bmi2, adx, sha, fma, vzeroupper, clflush, clflushopt

Memory: 4k page, system-wide physical 10182M (1717M free)
TotalPageFile size 24991M (AvailPageFile size 7M)
current process WorkingSet (physical memory assigned to process): 126M, peak: 128M
current process commit charge ("private bytes"): 164M, peak: 264M

vm_info: OpenJDK 64-Bit Server VM (17.0.1+12) for windows-amd64 JRE (17.0.1+12), built on Oct 20 2021 07:42:55 by "" with MS VC++ 16.7 (VS2019)

END.
